[0m
[0m [0m [0m [0m [0m [0m [0m [0m [0m [0m [0m [0m [0m [0m [0m [0m [0m [0m [0m [0m [0m [0m [0m [0m [0m [0m [0m [0m [0m [0m [0m [0m [0m [0m [0m [0m [0m [0m [0m [0m [0m [0m [0m [0m [0m [0m [0m [0m [0m [0m [0m [0m [0m [0m [0m [0m [0m [0m [0m [48;5;255m [48;5;255m [0m [0m [0m [0m [0m [0m [0m [0m [0m [0m [0m [0m
[0m [0m [0m [0m [0m [0m [0m [0m [0m [0m [0m [0m [0m [0m [0m [0m [0m [0m [0m [0m [0m [0m [0m [0m [0m [0m [0m [0m [0m [0m [0m [0m [0m [0m [0m [0m [0m [0m [0m [0m [0m [0m [0m [0m [0m [0m [0m [0m [0m [0m [0m [0m [0m [0m [0m [0m [0m [0m [0m [48;5;255m [48;5;255m [0m [0m [0m [0m [0m [0m [0m [0m [0m [0m [0m [0m
[0m [0m [0m [0m [0m [0m [0m [0m [0m [0m [0m [0m [0m [0m [0m [0m [0m [0m [0m [0m [0m [0m [0m [0m [0m [0m [0m [0m [0m [0m [0m [0m [0m [0m [0m [0m [0m [0m [0m [0m [0m [0m [0m [0m [0m [0m [0m [0m [0m [0m [0m [0m [0m [0m [0m [0m [0m [0m [0m [48;5;255m [48;5;255m [0m [0m [0m [0m [0m [0m [0m [0m [0m [0m [0m [0m
[48;5;255m [48;5;255m [48;5;255m [48;5;255m [48;5;255m [48;5;255m [48;5;255m [0m [0m [48;5;255m [48;5;255m [48;5;255m [48;5;255m [48;5;255m [48;5;255m [48;5;255m [48;5;255m [0m [0m [48;5;255m [48;5;255m [48;5;255m [48;5;255m [48;5;255m [48;5;255m [48;5;255m [48;5;255m [48;5;255m [48;5;255m [48;5;255m [48;5;255m [0m [0m [48;5;255m [48;5;255m [48;5;255m [48;5;255m [48;5;255m [48;5;255m [48;5;255m [48;5;255m [0m [0m [48;5;255m [48;5;255m [48;5;255m [48;5;255m [48;5;255m [48;5;255m [48;5;255m [48;5;255m [0m [0m [48;5;255m [48;5;255m [48;5;255m [48;5;255m [48;5;255m [48;5;255m [48;5;255m [48;5;255m [0m [0m [48;5;255m [48;5;255m [48;5;255m [48;5;255m [48;5;255m [48;5;255m [48;5;255m [48;5;255m [0m [0m [48;5;255m [48;5;255m [48;5;255m [48;5;255m [48;5;255m [48;5;255m [48;5;255m [48;5;255m [0m
[48;5;255m [48;5;255m [0m [0m [0m [0m [0m [0m [0m [48;5;255m [48;5;255m [0m [0m [0m [0m [48;5;255m [48;5;255m [0m [0m [48;5;255m [48;5;255m [0m [0m [0m [48;5;255m [48;5;255m [0m [0m [0m [48;5;255m [48;5;255m [0m [0m [48;5;255m [48;5;255m [0m [0m [0m [0m [48;5;255m [48;5;255m [0m [0m [48;5;255m [48;5;255m [0m [0m [0m [0m [48;5;255m [48;5;255m [0m [0m [48;5;255m [48;5;255m [0m [0m [0m [0m [48;5;255m [48;5;255m [0m [0m [48;5;255m [48;5;255m [0m [0m [0m [0m [48;5;255m [48;5;255m [0m [0m [48;5;255m [48;5;255m [0m
[48;5;255m [48;5;255m [0m [0m [0m [0m [0m [0m [0m [48;5;255m [48;5;255m [0m [0m [0m [0m [48;5;255m [48;5;255m [0m [0m [48;5;255m [48;5;255m [0m [0m [0m [48;5;255m [48;5;255m [0m [0m [0m [48;5;255m [48;5;255m [0m [0m [48;5;255m [48;5;255m [0m [0m [0m [0m [48;5;255m [48;5;255m [0m [0m [48;5;255m [48;5;255m [0m [0m [0m [0m [48;5;255m [48;5;255m [0m [0m [48;5;255m [48;5;255m [0m [0m [0m [0m [48;5;255m [48;5;255m [0m [0m [48;5;255m [48;5;255m [0m [0m [0m [0m [48;5;255m [48;5;255m [0m [0m [48;5;255m [48;5;255m [0m
[48;5;255m [48;5;255m [0m [0m [0m [0m [0m [0m [0m [48;5;255m [48;5;255m [0m [0m [0m [0m [48;5;255m [48;5;255m [0m [0m [48;5;255m [48;5;255m [0m [0m [0m [48;5;255m [48;5;255m [0m [0m [0m [48;5;255m [48;5;255m [0m [0m [48;5;255m [48;5;255m [0m [0m [0m [0m [48;5;255m [48;5;255m [0m [0m [48;5;255m [48;5;255m [0m [0m [0m [0m [48;5;255m [48;5;255m [0m [0m [48;5;255m [48;5;255m [0m [0m [0m [0m [48;5;255m [48;5;255m [0m [0m [48;5;255m [48;5;255m [0m [0m [0m [0m [48;5;255m [48;5;255m [0m [0m [48;5;255m [48;5;255m [0m
[48;5;255m [48;5;255m [48;5;255m [48;5;255m [48;5;255m [48;5;255m [48;5;255m [0m [0m [48;5;255m [48;5;255m [48;5;255m [48;5;255m [48;5;255m [48;5;255m [48;5;255m [48;5;255m [0m [0m [48;5;255m [48;5;255m [0m [0m [0m [48;5;255m [48;5;255m [0m [0m [0m [48;5;255m [48;5;255m [0m [0m [48;5;255m [48;5;255m [48;5;255m [48;5;255m [48;5;255m [48;5;255m [48;5;255m [48;5;255m [0m [0m [48;5;255m [48;5;255m [48;5;255m [48;5;255m [48;5;255m [48;5;255m [48;5;255m [48;5;255m [0m [0m [48;5;255m [48;5;255m [48;5;255m [48;5;255m [48;5;255m [48;5;255m [48;5;255m [48;5;255m [0m [0m [48;5;255m [48;5;255m [48;5;255m [48;5;255m [48;5;255m [48;5;255m [48;5;255m [48;5;255m [0m [0m [48;5;255m [48;5;255m [48;5;255m [48;5;255m [48;5;255m [48;5;255m [48;5;255m [48;5;255m [0m
[0m [0m [0m [0m [0m [0m [0m [0m [0m [0m [0m [0m [0m [0m [0m [0m [0m [0m [0m [0m [0m [0m [0m [0m [0m [0m [0m [0m [0m [0m [0m [0m [0m [48;5;255m [48;5;255m [0m [0m [0m [0m [0m [0m [0m [0m [0m [0m [0m [0m
[0m [0m [0m [0m [0m [0m [0m [0m [0m [0m [0m [0m [0m [0m [0m [0m [0m [0m [0m [0m [0m [0m [0m [0m [0m [0m [0m [0m [0m [0m [0m [0m [0m [48;5;255m [48;5;255m [0m [0m [0m [0m [0m [0m [0m [0m [0m [0m [0m [0m
[0m [0m [0m [0m [0m [0m [0m [0m [0m [0m [0m [0m [0m [0m [0m [0m [0m [0m [0m [0m [0m [0m [0m [0m [0m [0m [0m [0m [0m [0m [0m [0m [0m [48;5;255m [48;5;255m [0m [0m [0m [0m [0m [0m [0m [0m [0m [0m [0m [0m

1.1.19

TypeScript version used by Compodoc : 4.5.5

TypeScript version of current project : 4.2.3

Node.js version : v16.14.0

Operating system : Windows 10

[10:07:29] No configuration file found, switching to CLI flags.
[10:07:29] Using tsconfig file : C:\niv\web\AccGate2\AccGateFrontend\tsconfig.json
[10:07:29] Including      : C:\niv\web\AccGate2\AccGateFrontend\.editorconfig
[10:07:29] Including      : C:\niv\web\AccGate2\AccGateFrontend\.browserslistrc
[10:07:29] Including      : C:\niv\web\AccGate2\AccGateFrontend\AccGateFrontend.iml
[10:07:29] Including      : C:\niv\web\AccGate2\AccGateFrontend\build-storybook.log
[10:07:29] Including      : C:\niv\web\AccGate2\AccGateFrontend\angular-12-jwt-authentication-flow.png
[10:07:29] Including      : C:\niv\web\AccGate2\AccGateFrontend\angular-12-jwt-authentication-overview.png
[10:07:29] Including      : C:\niv\web\AccGate2\AccGateFrontend\karma.conf.js
[10:07:29] Including      : C:\niv\web\AccGate2\AccGateFrontend\loadWebXml.sh
[10:07:29] Including      : C:\niv\web\AccGate2\AccGateFrontend\package-lock.json
[10:07:29] Including      : C:\niv\web\AccGate2\AccGateFrontend\package.json
[10:07:29] Including      : C:\niv\web\AccGate2\AccGateFrontend\documentation.json
[10:07:29] Including      : C:\niv\web\AccGate2\AccGateFrontend\proxy.conf.json
[10:07:29] Including      : C:\niv\web\AccGate2\AccGateFrontend\tsconfig.app.json
[10:07:29] Including      : C:\niv\web\AccGate2\AccGateFrontend\tsconfig.json
[10:07:29] Including      : C:\niv\web\AccGate2\AccGateFrontend\angular.json
[10:07:29] Including      : C:\niv\web\AccGate2\AccGateFrontend\tsconfig.spec.json
[10:07:29] Including      : C:\niv\web\AccGate2\AccGateFrontend\README.md
[10:07:29] Including      : C:\niv\web\AccGate2\AccGateFrontend\delet_dist.sh
[10:07:29] Including      : C:\niv\web\AccGate2\AccGateFrontend\.storybook\main.js
[10:07:29] Including      : C:\niv\web\AccGate2\AccGateFrontend\.storybook\NotoSans-Italic.woff
[10:07:29] Including      : C:\niv\web\AccGate2\AccGateFrontend\.storybook\custom-styles.scss
[10:07:29] Including      : C:\niv\web\AccGate2\AccGateFrontend\.storybook\preview.js
[10:07:29] Including      : C:\niv\web\AccGate2\AccGateFrontend\.storybook\tsconfig.json
[10:07:29] Including      : C:\niv\web\AccGate2\AccGateFrontend\src\main.ts
[10:07:29] Including      : C:\niv\web\AccGate2\AccGateFrontend\src\polyfills.ts
[10:07:29] Including      : C:\niv\web\AccGate2\AccGateFrontend\src\favicon.ico
[10:07:29] Including      : C:\niv\web\AccGate2\AccGateFrontend\src\test.ts
[10:07:29] Ignoring       : C:\niv\web\AccGate2\AccGateFrontend\.storybook\typings.d.ts
[10:07:29] Including      : C:\niv\web\AccGate2\AccGateFrontend\src\index.html
[10:07:29] Including      : C:\niv\web\AccGate2\AccGateFrontend\src\styles.scss
[10:07:29] Including      : C:\niv\web\AccGate2\AccGateFrontend\storybook-static\163.49babb7ab9e44f0e2729.manager.bundle.js
[10:07:29] Including      : C:\niv\web\AccGate2\AccGateFrontend\storybook-static\229.6503982175b19d0d36fa.manager.bundle.js
[10:07:29] Including      : C:\niv\web\AccGate2\AccGateFrontend\storybook-static\163.49babb7ab9e44f0e2729.manager.bundle.js.LICENSE.txt
[10:07:29] Including      : C:\niv\web\AccGate2\AccGateFrontend\storybook-static\295.24b7dd0f801c2c010d49.manager.bundle.js
[10:07:29] Including      : C:\niv\web\AccGate2\AccGateFrontend\storybook-static\51.9a9fd245d0b3e0d60046.manager.bundle.js
[10:07:29] Including      : C:\niv\web\AccGate2\AccGateFrontend\storybook-static\807.48ac2ff295caffcb4f9b.manager.bundle.js
[10:07:29] Including      : C:\niv\web\AccGate2\AccGateFrontend\storybook-static\807.48ac2ff295caffcb4f9b.manager.bundle.js.LICENSE.txt
[10:07:29] Including      : C:\niv\web\AccGate2\AccGateFrontend\storybook-static\51.9a9fd245d0b3e0d60046.manager.bundle.js.LICENSE.txt
[10:07:29] Including      : C:\niv\web\AccGate2\AccGateFrontend\storybook-static\897.500cdf060a2a594338fe.manager.bundle.js
[10:07:29] Including      : C:\niv\web\AccGate2\AccGateFrontend\storybook-static\897.500cdf060a2a594338fe.manager.bundle.js.LICENSE.txt
[10:07:29] Including      : C:\niv\web\AccGate2\AccGateFrontend\storybook-static\index.html
[10:07:29] Including      : C:\niv\web\AccGate2\AccGateFrontend\storybook-static\551.e71ffaae4f1203857a05.manager.bundle.js
[10:07:29] Including      : C:\niv\web\AccGate2\AccGateFrontend\storybook-static\main.126493d5681713fc2c29.manager.bundle.js
[10:07:29] Including      : C:\niv\web\AccGate2\AccGateFrontend\storybook-static\favicon.ico
[10:07:29] Including      : C:\niv\web\AccGate2\AccGateFrontend\storybook-static\project.json
[10:07:29] Including      : C:\niv\web\AccGate2\AccGateFrontend\storybook-static\935.520bfa16f66d9001bf3f.manager.bundle.js
[10:07:29] Including      : C:\niv\web\AccGate2\AccGateFrontend\storybook-static\runtime~main.27befe5f006d3759e226.manager.bundle.js
[10:07:29] Ignoring       : C:\niv\web\AccGate2\AccGateFrontend\src\app\app-routing.guard.spec.ts
[10:07:29] Including      : C:\niv\web\AccGate2\AccGateFrontend\src\app\app-routing.guard.ts
[10:07:29] Including      : C:\niv\web\AccGate2\AccGateFrontend\src\app\app-routing.module.ts
[10:07:29] Ignoring       : C:\niv\web\AccGate2\AccGateFrontend\src\app\app.component.spec.ts
[10:07:29] Including      : C:\niv\web\AccGate2\AccGateFrontend\src\app\app.component.ts
[10:07:29] Including      : C:\niv\web\AccGate2\AccGateFrontend\src\app\app.config.ts
[10:07:29] Including      : C:\niv\web\AccGate2\AccGateFrontend\src\app\app.module.ts
[10:07:29] Including      : C:\niv\web\AccGate2\AccGateFrontend\src\app\app.component.html
[10:07:29] Including      : C:\niv\web\AccGate2\AccGateFrontend\src\assets\.gitkeep
[10:07:29] Including      : C:\niv\web\AccGate2\AccGateFrontend\src\environments\environment.prod.ts
[10:07:29] Including      : C:\niv\web\AccGate2\AccGateFrontend\src\environments\environment.ts
[10:07:29] Including      : C:\niv\web\AccGate2\AccGateFrontend\src\stories\User.ts
[10:07:29] Including      : C:\niv\web\AccGate2\AccGateFrontend\src\stories\Introduction.stories.mdx
[10:07:29] Including      : C:\niv\web\AccGate2\AccGateFrontend\src\app\app.component.css
[10:07:29] Ignoring       : C:\niv\web\AccGate2\AccGateFrontend\src\app\board-admin\board-admin.component.spec.ts
[10:07:29] Including      : C:\niv\web\AccGate2\AccGateFrontend\src\app\board-admin\board-admin.component.css
[10:07:29] Including      : C:\niv\web\AccGate2\AccGateFrontend\src\app\board-admin\board-admin.component.html
[10:07:29] Including      : C:\niv\web\AccGate2\AccGateFrontend\src\app\board-admin\board-admin.component.ts
[10:07:29] Ignoring       : C:\niv\web\AccGate2\AccGateFrontend\src\app\board-moderator\board-moderator.component.spec.ts
[10:07:29] Including      : C:\niv\web\AccGate2\AccGateFrontend\src\app\board-moderator\board-moderator.component.ts
[10:07:29] Including      : C:\niv\web\AccGate2\AccGateFrontend\src\app\board-moderator\board-moderator.component.html
[10:07:29] Including      : C:\niv\web\AccGate2\AccGateFrontend\src\app\board-moderator\board-moderator.component.css
[10:07:29] Ignoring       : C:\niv\web\AccGate2\AccGateFrontend\src\app\home\home.component.spec.ts
[10:07:29] Including      : C:\niv\web\AccGate2\AccGateFrontend\src\app\home\home.component.ts
[10:07:29] Including      : C:\niv\web\AccGate2\AccGateFrontend\src\app\home\home.component.html
[10:07:29] Ignoring       : C:\niv\web\AccGate2\AccGateFrontend\src\app\board-user\board-user.component.spec.ts
[10:07:29] Including      : C:\niv\web\AccGate2\AccGateFrontend\src\app\board-user\board-user.component.ts
[10:07:29] Including      : C:\niv\web\AccGate2\AccGateFrontend\src\app\home\home.component.css
[10:07:29] Including      : C:\niv\web\AccGate2\AccGateFrontend\src\app\board-user\demo_iframe2.htm
[10:07:29] Including      : C:\niv\web\AccGate2\AccGateFrontend\src\app\login\login.component.html
[10:07:29] Ignoring       : C:\niv\web\AccGate2\AccGateFrontend\src\app\login\login.component.spec.ts
[10:07:29] Including      : C:\niv\web\AccGate2\AccGateFrontend\src\app\login\login.component.scss
[10:07:29] Including      : C:\niv\web\AccGate2\AccGateFrontend\src\app\page\page.component.html
[10:07:29] Including      : C:\niv\web\AccGate2\AccGateFrontend\src\app\login\login.component.ts
[10:07:29] Including      : C:\niv\web\AccGate2\AccGateFrontend\src\app\board-user\board-user.component.css
[10:07:29] Ignoring       : C:\niv\web\AccGate2\AccGateFrontend\src\app\page\login2.component.spec.ts
[10:07:29] Including      : C:\niv\web\AccGate2\AccGateFrontend\src\app\page\page.component.scss
[10:07:29] Including      : C:\niv\web\AccGate2\AccGateFrontend\src\app\page\background1.stories.ts
[10:07:29] Ignoring       : C:\niv\web\AccGate2\AccGateFrontend\src\app\pipes\api-error-message.pipe.spec.ts
[10:07:29] Including      : C:\niv\web\AccGate2\AccGateFrontend\src\app\page\background1Component.ts
[10:07:29] Including      : C:\niv\web\AccGate2\AccGateFrontend\src\app\pipes\api-error-message.pipe.ts
[10:07:29] Including      : C:\niv\web\AccGate2\AccGateFrontend\src\app\board-user\board-user.component.html
[10:07:29] Including      : C:\niv\web\AccGate2\AccGateFrontend\src\app\pipes\login-error-message.pipe.ts
[10:07:29] Ignoring       : C:\niv\web\AccGate2\AccGateFrontend\src\app\profile\profile.component.spec.ts
[10:07:29] Including      : C:\niv\web\AccGate2\AccGateFrontend\src\app\profile\profile.component.css
[10:07:29] Including      : C:\niv\web\AccGate2\AccGateFrontend\src\app\profile\profile.component.ts
[10:07:29] Including      : C:\niv\web\AccGate2\AccGateFrontend\src\app\profile\profile.component.html
[10:07:29] Ignoring       : C:\niv\web\AccGate2\AccGateFrontend\src\app\register\register.component.spec.ts
[10:07:29] Including      : C:\niv\web\AccGate2\AccGateFrontend\src\app\profile\profile.component.ts.bak
[10:07:29] Including      : C:\niv\web\AccGate2\AccGateFrontend\src\app\register\register.component.html
[10:07:29] Including      : C:\niv\web\AccGate2\AccGateFrontend\src\app\register\register.component.css
[10:07:29] Including      : C:\niv\web\AccGate2\AccGateFrontend\src\app\register\register.component.ts
[10:07:29] Ignoring       : C:\niv\web\AccGate2\AccGateFrontend\src\app\register-form\register-form.component.spec.ts
[10:07:29] Including      : C:\niv\web\AccGate2\AccGateFrontend\src\app\register-form\register-form.component.css
[10:07:29] Including      : C:\niv\web\AccGate2\AccGateFrontend\src\app\register-form\register-app-menu.component.html
[10:07:29] Including      : C:\niv\web\AccGate2\AccGateFrontend\src\app\replace-pass-form\replace-pass-form.component.css
[10:07:29] Ignoring       : C:\niv\web\AccGate2\AccGateFrontend\src\app\replace-pass-form\replace-pass-form.component.spec.ts
[10:07:29] Including      : C:\niv\web\AccGate2\AccGateFrontend\src\app\replace-pass-form\replace-pass-app-menu.component.html
[10:07:29] Including      : C:\niv\web\AccGate2\AccGateFrontend\src\app\replace-pass-form\replace-pass-app-menu.component.ts
[10:07:29] Including      : C:\niv\web\AccGate2\AccGateFrontend\src\app\_helpers\auth.interceptor.ts
[10:07:29] Ignoring       : C:\niv\web\AccGate2\AccGateFrontend\src\app\_services\auth.service.spec.ts
[10:07:29] Including      : C:\niv\web\AccGate2\AccGateFrontend\src\app\_services\auth.service.ts
[10:07:29] Ignoring       : C:\niv\web\AccGate2\AccGateFrontend\src\app\_services\token-storage.service.spec.ts
[10:07:29] Including      : C:\niv\web\AccGate2\AccGateFrontend\src\app\_services\token-storage.service.ts
[10:07:29] Ignoring       : C:\niv\web\AccGate2\AccGateFrontend\src\app\_services\user.service.spec.ts
[10:07:29] Including      : C:\niv\web\AccGate2\AccGateFrontend\src\app\_services\user.service.ts
[10:07:29] Including      : C:\niv\web\AccGate2\AccGateFrontend\src\app\_shared\event-bus.service.ts
[10:07:29] Including      : C:\niv\web\AccGate2\AccGateFrontend\src\app\_shared\event.class.ts
[10:07:29] Including      : C:\niv\web\AccGate2\AccGateFrontend\src\stories\cards\card.component.ts
[10:07:29] Including      : C:\niv\web\AccGate2\AccGateFrontend\src\assets\fonts\NotoSans-Italic.woff2
[10:07:29] Including      : C:\niv\web\AccGate2\AccGateFrontend\src\stories\cards\card.stories.ts
[10:07:29] Including      : C:\niv\web\AccGate2\AccGateFrontend\src\stories\headers\header.component.ts
[10:07:29] Including      : C:\niv\web\AccGate2\AccGateFrontend\src\stories\headers\header.css
[10:07:29] Including      : C:\niv\web\AccGate2\AccGateFrontend\src\stories\headers\Header.stories.ts
[10:07:29] Including      : C:\niv\web\AccGate2\AccGateFrontend\src\stories\cards\card.css
[10:07:29] Including      : C:\niv\web\AccGate2\AccGateFrontend\src\stories\cards\card.component.html
[10:07:29] Including      : C:\niv\web\AccGate2\AccGateFrontend\src\stories\inputs\story-input.component.html
[10:07:29] Including      : C:\niv\web\AccGate2\AccGateFrontend\src\app\register-form\register-app-menu.component.ts
[10:07:29] Including      : C:\niv\web\AccGate2\AccGateFrontend\src\stories\input\mdbinput.component.html
[10:07:29] Including      : C:\niv\web\AccGate2\AccGateFrontend\src\stories\inputs\story-input.stories.ts
[10:07:29] Including      : C:\niv\web\AccGate2\AccGateFrontend\src\stories\inputs\story-input.model.ts
[10:07:29] Including      : C:\niv\web\AccGate2\AccGateFrontend\src\stories\pages\background1Component.ts
[10:07:29] Including      : C:\niv\web\AccGate2\AccGateFrontend\src\stories\pages\page.component.html
[10:07:29] Including      : C:\niv\web\AccGate2\AccGateFrontend\src\stories\pages\page.css
[10:07:29] Including      : C:\niv\web\AccGate2\AccGateFrontend\src\stories\pages\Page.stories.ts
[10:07:29] Including      : C:\niv\web\AccGate2\AccGateFrontend\src\stories\inputs\story-input.scss
[10:07:29] Including      : C:\niv\web\AccGate2\AccGateFrontend\src\stories\task\task.component.ts
[10:07:29] Including      : C:\niv\web\AccGate2\AccGateFrontend\src\stories\task\task.model.ts
[10:07:29] Including      : C:\niv\web\AccGate2\AccGateFrontend\src\stories\task\task.stories.ts
[10:07:29] Including      : C:\niv\web\AccGate2\AccGateFrontend\src\stories\task\task.css
[10:07:29] Including      : C:\niv\web\AccGate2\AccGateFrontend\src\stories\task\task.component.html
[10:07:29] Including      : C:\niv\web\AccGate2\AccGateFrontend\src\stories\task-list\task-list.component.ts
[10:07:29] Including      : C:\niv\web\AccGate2\AccGateFrontend\src\stories\task-list\task-list.stories.ts
[10:07:29] Including      : C:\niv\web\AccGate2\AccGateFrontend\src\stories\inputs\story-input.component.ts
[10:07:29] Including      : C:\niv\web\AccGate2\AccGateFrontend\src\stories\task-list\task-list.component.html
[10:07:29] Including      : C:\niv\web\AccGate2\AccGateFrontend\src\assets\images\aeonix_.png
[10:07:29] Including      : C:\niv\web\AccGate2\AccGateFrontend\src\assets\images\aeonix_logo_150.png
[10:07:29] Including      : C:\niv\web\AccGate2\AccGateFrontend\src\assets\images\aeonix_logo_150_20.png
[10:07:29] Including      : C:\niv\web\AccGate2\AccGateFrontend\src\assets\images\Background.webp
[10:07:29] Including      : C:\niv\web\AccGate2\AccGateFrontend\src\assets\images\aeonix_logo_72.png
[10:07:29] Including      : C:\niv\web\AccGate2\AccGateFrontend\src\assets\images\aeonix_logo_151.png
[10:07:29] Including      : C:\niv\web\AccGate2\AccGateFrontend\src\assets\images\AtSign3ldpi.png
[10:07:29] Including      : C:\niv\web\AccGate2\AccGateFrontend\src\assets\images\contact-center.jpg
[10:07:29] Including      : C:\niv\web\AccGate2\AccGateFrontend\src\assets\images\GlobeIcon.png
[10:07:29] Including      : C:\niv\web\AccGate2\AccGateFrontend\src\assets\images\dashboard.png
[10:07:29] Including      : C:\niv\web\AccGate2\AccGateFrontend\src\assets\images\graph.png
[10:07:29] Including      : C:\niv\web\AccGate2\AccGateFrontend\src\assets\images\icon-1.webp
[10:07:29] Including      : C:\niv\web\AccGate2\AccGateFrontend\src\assets\images\EyeIcon.png
[10:07:29] Including      : C:\niv\web\AccGate2\AccGateFrontend\src\assets\images\icon-1@2x.webp
[10:07:29] Including      : C:\niv\web\AccGate2\AccGateFrontend\src\assets\images\icon-2.webp
[10:07:29] Including      : C:\niv\web\AccGate2\AccGateFrontend\src\assets\images\icon-2@2x.webp
[10:07:29] Including      : C:\niv\web\AccGate2\AccGateFrontend\src\assets\images\icon-1@3x.webp
[10:07:29] Including      : C:\niv\web\AccGate2\AccGateFrontend\src\assets\images\img.png
[10:07:29] Including      : C:\niv\web\AccGate2\AccGateFrontend\src\assets\images\image081.png
[10:07:29] Including      : C:\niv\web\AccGate2\AccGateFrontend\src\assets\images\img_1.png
[10:07:29] Including      : C:\niv\web\AccGate2\AccGateFrontend\src\assets\images\icon-2@3x.webp
[10:07:29] Including      : C:\niv\web\AccGate2\AccGateFrontend\src\assets\images\language-desktop-icon@2x.png
[10:07:29] Including      : C:\niv\web\AccGate2\AccGateFrontend\src\assets\images\img_2.png
[10:07:29] Including      : C:\niv\web\AccGate2\AccGateFrontend\src\assets\images\language-desktop-icon@3x.png
[10:07:29] Including      : C:\niv\web\AccGate2\AccGateFrontend\src\assets\images\language-desktop-icon.png
[10:07:29] Including      : C:\niv\web\AccGate2\AccGateFrontend\src\assets\images\management.png
[10:07:29] Including      : C:\niv\web\AccGate2\AccGateFrontend\src\assets\images\T.png
[10:07:29] Including      : C:\niv\web\AccGate2\AccGateFrontend\src\assets\images\TadiranTelecom.jpg
[10:07:29] Including      : C:\niv\web\AccGate2\AccGateFrontend\src\assets\images\img_3.png
[10:07:29] Including      : C:\niv\web\AccGate2\AccGateFrontend\src\assets\images\Phone3ldpi.png
[10:07:29] Including      : C:\niv\web\AccGate2\AccGateFrontend\src\assets\images\LockIcon2ldpi.png
[10:07:29] Including      : C:\niv\web\AccGate2\AccGateFrontend\src\assets\images\TadiranTelecom2.webp
[10:07:29] Including      : C:\niv\web\AccGate2\AccGateFrontend\src\assets\images\TotalControl645x300.jpg
[10:07:29] Including      : C:\niv\web\AccGate2\AccGateFrontend\src\stories\assets\code-brackets.svg
[10:07:29] Including      : C:\niv\web\AccGate2\AccGateFrontend\src\assets\images\User2ldpi.png
[10:07:29] Including      : C:\niv\web\AccGate2\AccGateFrontend\src\stories\assets\colors.svg
[10:07:29] Including      : C:\niv\web\AccGate2\AccGateFrontend\src\stories\assets\comments.svg
[10:07:29] Including      : C:\niv\web\AccGate2\AccGateFrontend\src\stories\assets\direction.svg
[10:07:29] Including      : C:\niv\web\AccGate2\AccGateFrontend\src\stories\assets\plugin.svg
[10:07:29] Including      : C:\niv\web\AccGate2\AccGateFrontend\src\stories\assets\stackalt.svg
[10:07:29] Including      : C:\niv\web\AccGate2\AccGateFrontend\src\stories\assets\flow.svg
[10:07:29] Including      : C:\niv\web\AccGate2\AccGateFrontend\src\stories\assets\repo.svg
[10:07:29] Including      : C:\niv\web\AccGate2\AccGateFrontend\src\stories\forms\app-menu.component.html
[10:07:29] Including      : C:\niv\web\AccGate2\AccGateFrontend\src\stories\forms\app-menu.component.ts
[10:07:29] Including      : C:\niv\web\AccGate2\AccGateFrontend\src\stories\forms\form.css
[10:07:29] Including      : C:\niv\web\AccGate2\AccGateFrontend\src\stories\forms\app-menu.stories.ts
[10:07:29] Including      : C:\niv\web\AccGate2\AccGateFrontend\src\app\_services\assets\.gitkeep
[10:07:29] Including      : C:\niv\web\AccGate2\AccGateFrontend\src\stories\buttons\button-continue\button-continue.component.scss
[10:07:29] Including      : C:\niv\web\AccGate2\AccGateFrontend\src\stories\buttons\button-continue\button-continue.component.ts
[10:07:29] Ignoring       : C:\niv\web\AccGate2\AccGateFrontend\src\stories\buttons\button-continue\button-continue.component.spec.ts
[10:07:29] Including      : C:\niv\web\AccGate2\AccGateFrontend\src\stories\buttons\button-continue\button-continue.stories.ts
[10:07:29] Including      : C:\niv\web\AccGate2\AccGateFrontend\src\stories\buttons\button-example\Button.stories.ts
[10:07:29] Including      : C:\niv\web\AccGate2\AccGateFrontend\src\stories\buttons\button-example\button.css
[10:07:29] Including      : C:\niv\web\AccGate2\AccGateFrontend\src\stories\buttons\button-example\button.component.ts
[10:07:29] Ignoring       : C:\niv\web\AccGate2\AccGateFrontend\src\stories\buttons\button-globe\button-apps.component.spec.ts
[10:07:29] Including      : C:\niv\web\AccGate2\AccGateFrontend\src\stories\buttons\button-globe\button-apps.component.html
[10:07:29] Including      : C:\niv\web\AccGate2\AccGateFrontend\src\stories\buttons\button-globe\button-apps.component.ts
[10:07:29] Including      : C:\niv\web\AccGate2\AccGateFrontend\src\stories\buttons\button-globe\button-apps.stories.ts
[10:07:29] Including      : C:\niv\web\AccGate2\AccGateFrontend\src\stories\buttons\button-globe\button-apps.component.css
[10:07:29] Including      : C:\niv\web\AccGate2\AccGateFrontend\src\stories\buttons\button-continue\button-continue.component.html
[10:07:29] Ignoring       : C:\niv\web\AccGate2\AccGateFrontend\src\stories\buttons\button-language\button-language.component.spec.ts
[10:07:29] Including      : C:\niv\web\AccGate2\AccGateFrontend\src\stories\buttons\button-language\button-language.component.ts
[10:07:29] Including      : C:\niv\web\AccGate2\AccGateFrontend\src\stories\buttons\button-language\button-language.stories.ts
[10:07:29] Including      : C:\niv\web\AccGate2\AccGateFrontend\src\stories\buttons\button-language\button-language.component.html
[10:07:29] Ignoring       : C:\niv\web\AccGate2\AccGateFrontend\src\stories\buttons\button-tadiran\button-tadiran.component.spec.ts
[10:07:29] Including      : C:\niv\web\AccGate2\AccGateFrontend\src\stories\buttons\button-language\button-language.component.css
[10:07:29] Including      : C:\niv\web\AccGate2\AccGateFrontend\src\stories\buttons\button-tadiran\button-tadiran.component.scss
[10:07:29] Including      : C:\niv\web\AccGate2\AccGateFrontend\src\stories\buttons\button-tadiran\button-tadiran.component.html
[10:07:29] Including      : C:\niv\web\AccGate2\AccGateFrontend\src\stories\buttons\button-tadiran\button-tadiran.component.ts
[10:07:29] Including      : C:\niv\web\AccGate2\AccGateFrontend\src\stories\buttons\button-tadiran\button-tadiran.stories.ts
[10:07:29] Including      : C:\niv\web\AccGate2\AccGateFrontend\src\app\_services\assets\images\aeonix_logo_150.png
[10:07:29] Including      : C:\niv\web\AccGate2\AccGateFrontend\src\app\_services\assets\images\aeonix_.png
[10:07:29] Including      : C:\niv\web\AccGate2\AccGateFrontend\src\app\_services\assets\images\aeonix_logo_72.png
[10:07:29] Including      : C:\niv\web\AccGate2\AccGateFrontend\src\app\_services\assets\images\Background.webp
[10:07:29] Including      : C:\niv\web\AccGate2\AccGateFrontend\src\app\_services\assets\images\dashboard.jpg
[10:07:29] Including      : C:\niv\web\AccGate2\AccGateFrontend\src\app\_services\assets\images\aeonix_logo_150_20.png
[10:07:29] Including      : C:\niv\web\AccGate2\AccGateFrontend\src\app\_services\assets\images\dashboard.png
[10:07:29] Including      : C:\niv\web\AccGate2\AccGateFrontend\src\app\_services\assets\images\contact-center.jpg
[10:07:29] Including      : C:\niv\web\AccGate2\AccGateFrontend\src\app\_services\assets\images\dashboard.webp
[10:07:29] Including      : C:\niv\web\AccGate2\AccGateFrontend\src\app\_services\assets\images\graph.png
[10:07:29] Including      : C:\niv\web\AccGate2\AccGateFrontend\src\app\_services\assets\images\image081.png
[10:07:29] Including      : C:\niv\web\AccGate2\AccGateFrontend\src\app\_services\assets\images\TadiranTelecom.jpg
[10:07:29] Including      : C:\niv\web\AccGate2\AccGateFrontend\src\app\_services\assets\images\img.png
[10:07:29] Including      : C:\niv\web\AccGate2\AccGateFrontend\src\app\_services\assets\images\img_1.png
[10:07:29] Including      : C:\niv\web\AccGate2\AccGateFrontend\src\app\_services\assets\images\TadiranTelecom2.webp
[10:07:29] Including      : C:\niv\web\AccGate2\AccGateFrontend\src\app\_services\assets\images\management.png
[10:07:29] Searching package.json file
[10:07:29] package.json file found
[10:07:29] Processing package.json dependencies
[10:07:29] Searching README.md, CHANGELOG.md, CONTRIBUTING.md, LICENSE.md, TODO.md files
[10:07:29] README.md file found
[10:07:29] Error during C:\niv\web\AccGate2\AccGateFrontend\CHANGELOG read
[10:07:29] Continuing without CHANGELOG.md file
[10:07:29] Error during C:\niv\web\AccGate2\AccGateFrontend\CONTRIBUTING read
[10:07:29] Continuing without CONTRIBUTING.md file
[10:07:29] Error during C:\niv\web\AccGate2\AccGateFrontend\LICENSE read
[10:07:29] Continuing without LICENSE.md file
[10:07:29] Error during C:\niv\web\AccGate2\AccGateFrontend\TODO read
[10:07:29] Continuing without TODO.md file
[10:07:29] Get dependencies data
[10:07:31] parsing        : C:/niv/web/AccGate2/AccGateFrontend/src/main.ts
[10:07:32] parsing        : C:/niv/web/AccGate2/AccGateFrontend/src/polyfills.ts
[10:07:32] parsing        : C:/niv/web/AccGate2/AccGateFrontend/src/test.ts
[10:07:32] found          : require
[10:07:32] found          : context
[10:07:32] parsing        : C:/niv/web/AccGate2/AccGateFrontend/src/app/app-routing.guard.ts
[10:07:32] found          : AppRoutingGuard
[10:07:32] parsing        : C:/niv/web/AccGate2/AccGateFrontend/src/app/app-routing.module.ts
[10:07:32] Analysing routes definitions and clean them if necessary
[10:07:32] found          : AppRoutingModule
[10:07:32]                : - imports:
[10:07:32]                : 	- RouterModule
[10:07:32]                : - exports:
[10:07:32]                : 	- RouterModule
[10:07:32] parsing        : C:/niv/web/AccGate2/AccGateFrontend/src/app/app.component.ts
[10:07:32] found          : AppComponent
[10:07:32] parsing        : C:/niv/web/AccGate2/AccGateFrontend/src/app/app.config.ts
[10:07:32] found          : parsedUrl
[10:07:32] found          : url
[10:07:32] found          : port
[10:07:32] found          : protocol
[10:07:32] found          : AUTH_API
[10:07:32] found          : APP_CONFIG
[10:07:32] found          : AppConfig
[10:07:32] parsing        : C:/niv/web/AccGate2/AccGateFrontend/src/app/app.module.ts
[10:07:32] found          : AppModule
[10:07:32]                : - imports:
[10:07:32]                : 	- BrowserModule
[10:07:32]                : 	- AppRoutingModule
[10:07:32]                : 	- FormsModule
[10:07:32]                : 	- HttpClientModule
[10:07:32]                : 	- NgbDatepickerModule
[10:07:32]                : 	- MdbAccordionModule
[10:07:32]                : 	- MdbCarouselModule
[10:07:32]                : 	- MdbCheckboxModule
[10:07:32]                : 	- MdbCollapseModule
[10:07:32]                : 	- MdbDropdownModule
[10:07:32]                : 	- MdbFormsModule
[10:07:32]                : 	- MdbModalModule
[10:07:32]                : 	- MdbPopoverModule
[10:07:32]                : 	- MdbRadioModule
[10:07:32]                : 	- MdbRangeModule
[10:07:32]                : 	- MdbRippleModule
[10:07:32]                : 	- MdbScrollspyModule
[10:07:32]                : 	- MdbTabsModule
[10:07:32]                : 	- MdbTooltipModule
[10:07:32]                : 	- BrowserAnimationsModule
[10:07:32]                : 	- ReactiveFormsModule
[10:07:32]                : 	- ModalModule
[10:07:32]                : 	- ButtonsModule
[10:07:32]                : 	- MDBBootstrapModule
[10:07:32]                : - declarations:
[10:07:32]                : 	- AppComponent
[10:07:32]                : 	- LoginComponent
[10:07:32]                : 	- RegisterComponent
[10:07:32]                : 	- HomeComponent
[10:07:32]                : 	- ProfileComponent
[10:07:32]                : 	- BoardAdminComponent
[10:07:32]                : 	- BoardModeratorComponent
[10:07:32]                : 	- BoardUserComponent
[10:07:32]                : 	- RegisterFormComponent
[10:07:32]                : 	- ReplacePassFormComponent
[10:07:32]                : 	- ApiErrorMessagePipe
[10:07:32]                : 	- LoginErrorMessagePipe
[10:07:32]                : 	- Login2Component
[10:07:32]                : 	- ButtonLanguageComponent
[10:07:32]                : 	- ButtonTadiranComponent
[10:07:32]                : 	- Button
[10:07:32]                : 	- CardComponent
[10:07:32]                : 	- StoryInputComponent
[10:07:32]                : 	- AppMenuComponent
[10:07:32]                : 	- TaskComponent
[10:07:32]                : 	- TaskListComponent
[10:07:32]                : 	- ButtonAppsComponent
[10:07:32]                : 	- ButtonContinueComponent
[10:07:32]                : - providers:
[10:07:32]                : 	- authInterceptorProviders
[10:07:32]                : - bootstrap:
[10:07:32]                : 	- AppComponent
[10:07:32] parsing        : C:/niv/web/AccGate2/AccGateFrontend/src/environments/environment.prod.ts
[10:07:32] found          : environment
[10:07:32] parsing        : C:/niv/web/AccGate2/AccGateFrontend/src/environments/environment.ts
[10:07:32] found          : environment
[10:07:32] parsing        : C:/niv/web/AccGate2/AccGateFrontend/src/stories/User.ts
[10:07:32] found          : User
[10:07:32] parsing        : C:/niv/web/AccGate2/AccGateFrontend/src/app/board-admin/board-admin.component.ts
[10:07:32] found          : BoardAdminComponent
[10:07:32] parsing        : C:/niv/web/AccGate2/AccGateFrontend/src/app/board-moderator/board-moderator.component.ts
[10:07:32] found          : BoardModeratorComponent
[10:07:32] parsing        : C:/niv/web/AccGate2/AccGateFrontend/src/app/home/home.component.ts
[10:07:32] found          : HomeComponent
[10:07:32] parsing        : C:/niv/web/AccGate2/AccGateFrontend/src/app/board-user/board-user.component.ts
[10:07:32] found          : BoardUserComponent
[10:07:32] parsing        : C:/niv/web/AccGate2/AccGateFrontend/src/app/login/login.component.ts
[10:07:32] found          : LoginComponent
[10:07:32] parsing        : C:/niv/web/AccGate2/AccGateFrontend/src/app/page/background1.stories.ts
[10:07:32] found          : Template
[10:07:32] found          : Agent
[10:07:32] found          : Secondary
[10:07:32] found          : LoggedOut
[10:07:32] found          : LoggedIn
[10:07:32] parsing        : C:/niv/web/AccGate2/AccGateFrontend/src/app/page/background1Component.ts
[10:07:32] found          : Login2Component
[10:07:32] parsing        : C:/niv/web/AccGate2/AccGateFrontend/src/app/pipes/api-error-message.pipe.ts
[10:07:32] found          : ApiErrorMessagePipe
[10:07:32] parsing        : C:/niv/web/AccGate2/AccGateFrontend/src/app/pipes/login-error-message.pipe.ts
[10:07:32] found          : LoginErrorMessagePipe
[10:07:32] parsing        : C:/niv/web/AccGate2/AccGateFrontend/src/app/profile/profile.component.ts
[10:07:32] found          : ProfileComponent
[10:07:32] parsing        : C:/niv/web/AccGate2/AccGateFrontend/src/app/register/register.component.ts
[10:07:32] found          : RegisterComponent
[10:07:32] parsing        : C:/niv/web/AccGate2/AccGateFrontend/src/app/replace-pass-form/replace-pass-app-menu.component.ts
[10:07:32] found          : ReplacePassFormComponent
[10:07:32] parsing        : C:/niv/web/AccGate2/AccGateFrontend/src/app/_helpers/auth.interceptor.ts
[10:07:32] found          : TOKEN_HEADER_KEY
[10:07:32] found          : AuthInterceptor
[10:07:32] found          : authInterceptorProviders
[10:07:32] parsing        : C:/niv/web/AccGate2/AccGateFrontend/src/app/_services/auth.service.ts
[10:07:32] found          : AUTH_API
[10:07:32] found          : httpOptions
[10:07:32] found          : AuthService
[10:07:32] parsing        : C:/niv/web/AccGate2/AccGateFrontend/src/app/_services/token-storage.service.ts
[10:07:32] found          : TOKEN_KEY
[10:07:32] found          : REFRESHTOKEN_KEY
[10:07:32] found          : USER_KEY
[10:07:32] found          : TokenStorageService
[10:07:32] parsing        : C:/niv/web/AccGate2/AccGateFrontend/src/app/_services/user.service.ts
[10:07:32] found          : API_URL
[10:07:32] found          : UserService
[10:07:32] parsing        : C:/niv/web/AccGate2/AccGateFrontend/src/app/_shared/event-bus.service.ts
[10:07:32] found          : EventBusService
[10:07:32] parsing        : C:/niv/web/AccGate2/AccGateFrontend/src/app/_shared/event.class.ts
[10:07:32] found          : EventData
[10:07:32] parsing        : C:/niv/web/AccGate2/AccGateFrontend/src/stories/cards/card.component.ts
[10:07:32] found          : CardComponent
[10:07:32] parsing        : C:/niv/web/AccGate2/AccGateFrontend/src/stories/cards/card.stories.ts
[10:07:32] found          : Template
[10:07:32] found          : Agent
[10:07:32] found          : Secondary
[10:07:32] found          : Large
[10:07:32] found          : Small
[10:07:32] parsing        : C:/niv/web/AccGate2/AccGateFrontend/src/stories/headers/header.component.ts
[10:07:32] found          : HeaderComponent
[10:07:32] parsing        : C:/niv/web/AccGate2/AccGateFrontend/src/stories/headers/Header.stories.ts
[10:07:32] found          : Template
[10:07:32] found          : LoggedIn
[10:07:32] found          : LoggedOut
[10:07:32] parsing        : C:/niv/web/AccGate2/AccGateFrontend/src/app/register-form/register-app-menu.component.ts
[10:07:32] found          : RegisterFormComponent
[10:07:32] parsing        : C:/niv/web/AccGate2/AccGateFrontend/src/stories/inputs/story-input.stories.ts
[10:07:32] found          : actionsData
[10:07:32] found          : Template
[10:07:32] found          : Default
[10:07:32] found          : Username
[10:07:32] found          : Password
[10:07:32] found          : Email
[10:07:32] found          : Phone
[10:07:32] parsing        : C:/niv/web/AccGate2/AccGateFrontend/src/stories/inputs/story-input.model.ts
[10:07:32] found          : StoryInput
[10:07:32] parsing        : C:/niv/web/AccGate2/AccGateFrontend/src/stories/pages/background1Component.ts
[10:07:32] found          : PageComponent
[10:07:32] parsing        : C:/niv/web/AccGate2/AccGateFrontend/src/stories/pages/Page.stories.ts
[10:07:32] found          : Template
[10:07:32] found          : LoggedOut
[10:07:32] found          : LoggedIn
[10:07:32] parsing        : C:/niv/web/AccGate2/AccGateFrontend/src/stories/task/task.component.ts
[10:07:32] found          : TaskComponent
[10:07:32] parsing        : C:/niv/web/AccGate2/AccGateFrontend/src/stories/task/task.model.ts
[10:07:32] found          : Task
[10:07:32] parsing        : C:/niv/web/AccGate2/AccGateFrontend/src/stories/task/task.stories.ts
[10:07:32] found          : actionsData
[10:07:32] found          : Template
[10:07:32] found          : Default
[10:07:32] found          : Pinned
[10:07:32] found          : Archived
[10:07:32] parsing        : C:/niv/web/AccGate2/AccGateFrontend/src/stories/task-list/task-list.component.ts
[10:07:32] found          : TaskListComponent
[10:07:32] parsing        : C:/niv/web/AccGate2/AccGateFrontend/src/stories/task-list/task-list.stories.ts
[10:07:32] found          : Template
[10:07:32] found          : Default
[10:07:32] found          : WithPinnedTasks
[10:07:32] found          : Loading
[10:07:32] found          : Empty
[10:07:32] parsing        : C:/niv/web/AccGate2/AccGateFrontend/src/stories/inputs/story-input.component.ts
[10:07:32] found          : StoryInputComponent
[10:07:32] parsing        : C:/niv/web/AccGate2/AccGateFrontend/src/stories/forms/app-menu.component.ts
[10:07:32] found          : AppMenuComponent
[10:07:32] parsing        : C:/niv/web/AccGate2/AccGateFrontend/src/stories/forms/app-menu.stories.ts
[10:07:32] found          : Template
[10:07:32] found          : Default
[10:07:32] found          : WithPinnedTasks
[10:07:32] found          : Loading
[10:07:32] found          : Empty
[10:07:32] parsing        : C:/niv/web/AccGate2/AccGateFrontend/src/stories/buttons/button-continue/button-continue.component.ts
[10:07:32] found          : ButtonContinueComponent
[10:07:32] parsing        : C:/niv/web/AccGate2/AccGateFrontend/src/stories/buttons/button-continue/button-continue.stories.ts
[10:07:32] found          : Template
[10:07:32] found          : Template2
[10:07:32] found          : Gallery
[10:07:32] found          : Primary3
[10:07:32] found          : Agent
[10:07:32] found          : Secondary
[10:07:32] found          : Large
[10:07:32] found          : Small
[10:07:32] parsing        : C:/niv/web/AccGate2/AccGateFrontend/src/stories/buttons/button-example/Button.stories.ts
[10:07:32] found          : Template
[10:07:32] found          : Agent
[10:07:32] found          : Secondary
[10:07:32] found          : Large
[10:07:32] found          : Small
[10:07:32] parsing        : C:/niv/web/AccGate2/AccGateFrontend/src/stories/buttons/button-example/button.component.ts
[10:07:32] found          : ButtonComponent
[10:07:32] parsing        : C:/niv/web/AccGate2/AccGateFrontend/src/stories/buttons/button-globe/button-apps.component.ts
[10:07:32] found          : ButtonAppsComponent
[10:07:32] parsing        : C:/niv/web/AccGate2/AccGateFrontend/src/stories/buttons/button-globe/button-apps.stories.ts
[10:07:32] found          : Template
[10:07:32] found          : Agent
[10:07:32] found          : Secondary
[10:07:32] found          : Large
[10:07:32] found          : Small
[10:07:32] parsing        : C:/niv/web/AccGate2/AccGateFrontend/src/stories/buttons/button-language/button-language.component.ts
[10:07:32] found          : ButtonLanguageComponent
[10:07:32] parsing        : C:/niv/web/AccGate2/AccGateFrontend/src/stories/buttons/button-language/button-language.stories.ts
[10:07:32] found          : Template
[10:07:32] found          : Agent
[10:07:32] found          : Secondary
[10:07:32] found          : Large
[10:07:32] found          : Small
[10:07:32] parsing        : C:/niv/web/AccGate2/AccGateFrontend/src/stories/buttons/button-tadiran/button-tadiran.component.ts
[10:07:32] found          : ButtonTadiranComponent
[10:07:32] parsing        : C:/niv/web/AccGate2/AccGateFrontend/src/stories/buttons/button-tadiran/button-tadiran.stories.ts
[10:07:32] found          : Template
[10:07:32] found          : Template2
[10:07:32] found          : Gallery
[10:07:32] found          : Primary3
[10:07:32] found          : Agent
[10:07:32] found          : Secondary
[10:07:32] found          : Large
[10:07:32] found          : Small
[10:07:32] -------------------
[10:07:32] Project statistics
[10:07:32] - files      : 207
[10:07:32] - module     : 2
[10:07:32] - component  : 23
[10:07:32] - injectable : 4
[10:07:32] - injector   : 1
[10:07:32] - guard      : 1
[10:07:32] - pipe       : 2
[10:07:32] - class      : 1
[10:07:32] - interface  : 3
[10:07:32] - route      : 11
[10:07:32] -------------------
[10:07:32] Prepare components
[10:07:32]  AppComponent has a templateUrl, include it
[10:07:32]  AppComponent has styleUrls, include them
[10:07:32]  BoardAdminComponent has a templateUrl, include it
[10:07:32]  BoardAdminComponent has styleUrls, include them
[10:07:32]  BoardModeratorComponent has a templateUrl, include it
[10:07:32]  BoardModeratorComponent has styleUrls, include them
[10:07:32]  BoardUserComponent has a templateUrl, include it
[10:07:32]  BoardUserComponent has styleUrls, include them
[10:07:32]  ButtonComponent has styleUrls, include them
[10:07:32]  ButtonContinueComponent has a templateUrl, include it
[10:07:32]  ButtonContinueComponent has styleUrls, include them
[10:07:32]  ButtonAppsComponent has a templateUrl, include it
[10:07:32]  ButtonAppsComponent has styleUrls, include them
[10:07:32]  ButtonLanguageComponent has a templateUrl, include it
[10:07:32]  ButtonLanguageComponent has styleUrls, include them
[10:07:32]  ButtonTadiranComponent has styleUrls, include them
[10:07:32]  CardComponent has a templateUrl, include it
[10:07:32]  CardComponent has styleUrls, include them
[10:07:32]  AppMenuComponent has a templateUrl, include it
[10:07:32]  AppMenuComponent has styleUrls, include them
[10:07:32]  HeaderComponent has styleUrls, include them
[10:07:32]  HomeComponent has a templateUrl, include it
[10:07:32]  HomeComponent has styleUrls, include them
[10:07:32]  LoginComponent has a templateUrl, include it
[10:07:32]  LoginComponent has styleUrls, include them
[10:07:32]  Login2Component has a templateUrl, include it
[10:07:32]  Login2Component has styleUrls, include them
[10:07:32]  PageComponent has a templateUrl, include it
[10:07:32]  PageComponent has styleUrls, include them
[10:07:32]  ProfileComponent has a templateUrl, include it
[10:07:32]  ProfileComponent has styleUrls, include them
[10:07:32]  RegisterComponent has a templateUrl, include it
[10:07:32]  RegisterComponent has styleUrls, include them
[10:07:32]  RegisterFormComponent has a templateUrl, include it
[10:07:32]  RegisterFormComponent has styleUrls, include them
[10:07:32]  ReplacePassFormComponent has a templateUrl, include it
[10:07:32]  ReplacePassFormComponent has styleUrls, include them
[10:07:32]  StoryInputComponent has a templateUrl, include it
[10:07:32]  StoryInputComponent has styleUrls, include them
[10:07:32]  TaskComponent has a templateUrl, include it
[10:07:32]  TaskComponent has styleUrls, include them
[10:07:32]  TaskListComponent has a templateUrl, include it
[10:07:32] Prepare modules
[10:07:32] Prepare injectables
[10:07:32] Prepare interceptors
[10:07:32] Prepare guards
[10:07:32] Process routes
[10:07:32] Prepare pipes
[10:07:32] Prepare classes
[10:07:32] Prepare interfaces
[10:07:32] Prepare miscellaneous
[10:07:32] Process documentation coverage report
[10:07:32] Generating documentation in export format json
[10:07:32] Documentation generated in ./ in 3.544 seconds
info @storybook/angular v6.5.12
info
info => Cleaning outputDir: C:\\Users\\a180136\\AppData\\Local\\Temp\\chromatic--15340-kLXkjKdQs7vO
info => Loading presets
info => Compiling manager..
info => Compiling preview..
info => Found custom tsconfig.json
info Addon-docs: using MDX1
info => Using implicit CSS loaders
info => Loading angular-cli config for angular lower than 12.2.0
info => Using angular project "accGate:build" for configuring Storybook
info => Using angular-cli webpack config
info => Using default Webpack5 setup
<s> [webpack.Progress] 0%

<s> [webpack.Progress] 1% setup initialize
<s> [webpack.Progress] 1% setup initialize HtmlWebpackPlugin
<s> [webpack.Progress] 1% setup initialize
<s> [webpack.Progress] 2% setup before run
<s> [webpack.Progress] 2% setup before run NodeEnvironmentPlugin
<s> [webpack.Progress] 2% setup before run
<s> [webpack.Progress] 3% setup run
<s> [webpack.Progress] 3% setup run fork-ts-checker-webpack-plugin
<s> [webpack.Progress] 3% setup run
<s> [webpack.Progress] 4% setup normal module factory
<s> [webpack.Progress] 4% setup normal module factory CaseSensitivePathsPlugin
<s> [webpack.Progress] 4% setup normal module factory
<s> [webpack.Progress] 5% setup context module factory
<s> [webpack.Progress] 5% setup context module factory ContextReplacementPlugin
<s> [webpack.Progress] 5% setup context module factory ContextReplacementPlugin
<s> [webpack.Progress] 5% setup context module factory
<s> [webpack.Progress] 6% setup before compile
<s> [webpack.Progress] 6% setup before compile ProgressPlugin
<s> [webpack.Progress] 6% setup before compile
<s> [webpack.Progress] 7% setup compile
<s> [webpack.Progress] 7% setup compile fork-ts-checker-webpack-plugin
Starting type checking service...
<s> [webpack.Progress] 7% setup compile ExternalsPlugin
<s> [webpack.Progress] 7% setup compile
<s> [webpack.Progress] 8% setup compilation
<s> [webpack.Progress] 8% setup compilation scripts-webpack-plugin
<s> [webpack.Progress] 8% setup compilation CopyPlugin
<s> [webpack.Progress] 8% setup compilation ArrayPushCallbackChunkFormatPlugin
<s> [webpack.Progress] 8% setup compilation JsonpChunkLoadingPlugin
<s> [webpack.Progress] 8% setup compilation StartupChunkDependenciesPlugin
<s> [webpack.Progress] 8% setup compilation ImportScriptsChunkLoadingPlugin
<s> [webpack.Progress] 8% setup compilation FetchCompileWasmPlugin
<s> [webpack.Progress] 8% setup compilation FetchCompileAsyncWasmPlugin
<s> [webpack.Progress] 8% setup compilation WorkerPlugin
<s> [webpack.Progress] 8% setup compilation SplitChunksPlugin
<s> [webpack.Progress] 8% setup compilation RuntimeChunkPlugin
<s> [webpack.Progress] 8% setup compilation ResolverCachePlugin
<s> [webpack.Progress] 8% setup compilation HtmlWebpackPlugin
<s> [webpack.Progress] 8% setup compilation
<s> [webpack.Progress] 9% setup compilation
<s> [webpack.Progress] 9% setup compilation AnyComponentStyleBudgetChecker
<s> [webpack.Progress] 9% setup compilation DedupeModuleResolvePlugin
<s> [webpack.Progress] 9% setup compilation DefinePlugin
<s> [webpack.Progress] 9% setup compilation ProvidePlugin
<s> [webpack.Progress] 9% setup compilation ProgressPlugin
<s> [webpack.Progress] 9% setup compilation ChunkPrefetchPreloadPlugin
<s> [webpack.Progress] 9% setup compilation SourceMapDevToolPlugin
<s> [webpack.Progress] 9% setup compilation JavascriptModulesPlugin
<s> [webpack.Progress] 9% setup compilation JsonModulesPlugin
<s> [webpack.Progress] 9% setup compilation AssetModulesPlugin
<s> [webpack.Progress] 9% setup compilation EntryPlugin
<s> [webpack.Progress] 9% setup compilation EntryPlugin
<s> [webpack.Progress] 9% setup compilation EntryPlugin
<s> [webpack.Progress] 9% setup compilation EntryPlugin
<s> [webpack.Progress] 9% setup compilation EntryPlugin
<s> [webpack.Progress] 9% setup compilation EntryPlugin
<s> [webpack.Progress] 9% setup compilation EntryPlugin
<s> [webpack.Progress] 9% setup compilation EntryPlugin
<s> [webpack.Progress] 9% setup compilation EntryPlugin
<s> [webpack.Progress] 9% setup compilation EntryPlugin
<s> [webpack.Progress] 9% setup compilation EntryPlugin
<s> [webpack.Progress] 9% setup compilation EntryPlugin
<s> [webpack.Progress] 9% setup compilation EntryPlugin
<s> [webpack.Progress] 9% setup compilation EntryPlugin
<s> [webpack.Progress] 9% setup compilation EntryPlugin
<s> [webpack.Progress] 9% setup compilation EntryPlugin
<s> [webpack.Progress] 9% setup compilation EntryPlugin
<s> [webpack.Progress] 9% setup compilation EntryPlugin
<s> [webpack.Progress] 9% setup compilation EntryPlugin
<s> [webpack.Progress] 9% setup compilation EntryPlugin
<s> [webpack.Progress] 9% setup compilation RuntimePlugin
<s> [webpack.Progress] 9% setup compilation InferAsyncModulesPlugin
<s> [webpack.Progress] 9% setup compilation DataUriPlugin
<s> [webpack.Progress] 9% setup compilation FileUriPlugin
<s> [webpack.Progress] 9% setup compilation CompatibilityPlugin
<s> [webpack.Progress] 9% setup compilation HarmonyModulesPlugin
<s> [webpack.Progress] 9% setup compilation AMDPlugin
<s> [webpack.Progress] 9% setup compilation RequireJsStuffPlugin
<s> [webpack.Progress] 9% setup compilation CommonJsPlugin
<s> [webpack.Progress] 9% setup compilation LoaderPlugin
<s> [webpack.Progress] 9% setup compilation LoaderPlugin
<s> [webpack.Progress] 9% setup compilation NodeStuffPlugin
<s> [webpack.Progress] 9% setup compilation APIPlugin
<s> [webpack.Progress] 9% setup compilation ExportsInfoApiPlugin
<s> [webpack.Progress] 9% setup compilation WebpackIsIncludedPlugin
<s> [webpack.Progress] 9% setup compilation ConstPlugin
<s> [webpack.Progress] 9% setup compilation UseStrictPlugin
<s> [webpack.Progress] 9% setup compilation RequireIncludePlugin
<s> [webpack.Progress] 9% setup compilation RequireEnsurePlugin
<s> [webpack.Progress] 9% setup compilation RequireContextPlugin
<s> [webpack.Progress] 9% setup compilation ImportPlugin
<s> [webpack.Progress] 9% setup compilation SystemPlugin
<s> [webpack.Progress] 9% setup compilation ImportMetaPlugin
<s> [webpack.Progress] 9% setup compilation URLPlugin
<s> [webpack.Progress] 9% setup compilation DefaultStatsFactoryPlugin
<s> [webpack.Progress] 9% setup compilation DefaultStatsPresetPlugin
<s> [webpack.Progress] 9% setup compilation DefaultStatsPrinterPlugin
<s> [webpack.Progress] 9% setup compilation JavascriptMetaInfoPlugin
<s> [webpack.Progress] 9% setup compilation EnsureChunkConditionsPlugin
<s> [webpack.Progress] 9% setup compilation RemoveEmptyChunksPlugin
<s> [webpack.Progress] 9% setup compilation MergeDuplicateChunksPlugin
<s> [webpack.Progress] 9% setup compilation FlagIncludedChunksPlugin
<s> [webpack.Progress] 9% setup compilation SideEffectsFlagPlugin
<s> [webpack.Progress] 9% setup compilation FlagDependencyExportsPlugin
<s> [webpack.Progress] 9% setup compilation FlagDependencyUsagePlugin
<s> [webpack.Progress] 9% setup compilation InnerGraphPlugin
<s> [webpack.Progress] 9% setup compilation MangleExportsPlugin
<s> [webpack.Progress] 9% setup compilation ModuleConcatenationPlugin
<s> [webpack.Progress] 9% setup compilation NoEmitOnErrorsPlugin
<s> [webpack.Progress] 9% setup compilation RealContentHashPlugin
<s> [webpack.Progress] 9% setup compilation WasmFinalizeExportsPlugin
<s> [webpack.Progress] 9% setup compilation NamedModuleIdsPlugin
<s> [webpack.Progress] 9% setup compilation DeterministicChunkIdsPlugin
<s> [webpack.Progress] 9% setup compilation DefinePlugin
<s> [webpack.Progress] 9% setup compilation TerserPlugin
<s> [webpack.Progress] 9% setup compilation TemplatedPathPlugin
<s> [webpack.Progress] 9% setup compilation RecordIdsPlugin
<s> [webpack.Progress] 9% setup compilation WarnCaseSensitiveModulesPlugin
<s> [webpack.Progress] 9% setup compilation IgnoreWarningsPlugin
<s> [webpack.Progress] 9% setup compilation
<s> [webpack.Progress] 10% building
<s> [webpack.Progress] 10% building 0/1 entries 0/0 dependencies 0/0 modules
<s> [webpack.Progress] 10% building import loader ./node_modules/babel-loader/lib/index.js
<s> [webpack.Progress] 10% building 0/20 entries 16/42 dependencies 0/15 modules
<s> [webpack.Progress] 10% building import loader ./node_modules/style-loader/dist/cjs.js
<s> [webpack.Progress] 10% building import loader ./node_modules/css-loader/dist/cjs.js
<s> [webpack.Progress] 10% building import loader ./node_modules/postcss-loader/dist/cjs.js
<s> [webpack.Progress] 10% building import loader ./node_modules/resolve-url-loader/index.js
<s> [webpack.Progress] 10% building import loader ./node_modules/sass-loader/dist/cjs.js
<s> [webpack.Progress] 10% building 0/20 entries 16/42 dependencies 0/15 modules
<s> [webpack.Progress] 10% building 0/20 entries 43/70 dependencies 0/37 modules
<s> [webpack.Progress] 10% building import loader ./node_modules/ts-loader/index.js
<s> [webpack.Progress] 10% building import loader ./node_modules/@storybook/angular/dist/ts3.9/server/ngx-template-loader/index.js
<s> [webpack.Progress] 10% building import loader ./node_modules/@storybook/source-loader/dist/cjs/index.js
<s> [webpack.Progress] 10% building 0/20 entries 56/88 dependencies 1/48 modules
<s> [webpack.Progress] 10% building 0/20 entries 73/100 dependencies 1/63 modules
<s> [webpack.Progress] 10% building import loader ./node_modules/@storybook/mdx1-csf/loader.js
<s> [webpack.Progress] 10% building 0/20 entries 81/147 dependencies 5/69 modules
<s> [webpack.Progress] 12% building 1/20 entries 81/147 dependencies 6/69 modules
<s> [webpack.Progress] 15% building 2/20 entries 81/147 dependencies 7/69 modules
<s> [webpack.Progress] 18% building 3/20 entries 81/147 dependencies 8/69 modules
<s> [webpack.Progress] 18% building 3/20 entries 135/200 dependencies 9/91 modules
<s> [webpack.Progress] 18% building 3/20 entries 200/329 dependencies 11/131 modules
<s> [webpack.Progress] 18% building 3/20 entries 268/436 dependencies 15/175 modules
<s> [webpack.Progress] 21% building 4/20 entries 319/524 dependencies 19/182 modules
<s> [webpack.Progress] 21% building 4/20 entries 500/524 dependencies 20/293 modules
<s> [webpack.Progress] 21% building import loader ./node_modules/raw-loader/dist/cjs.js
<s> [webpack.Progress] 21% building 4/20 entries 500/524 dependencies 20/294 modules
<s> [webpack.Progress] 21% building 4/20 entries 514/558 dependencies 21/306 modules
<s> [webpack.Progress] 21% building 4/20 entries 600/865 dependencies 61/314 modules
<s> [webpack.Progress] 21% building 4/20 entries 836/900 dependencies 65/375 modules
<s> [webpack.Progress] 20% building 4/20 entries 918/1100 dependencies 67/379 modules
<s> [webpack.Progress] 21% building 4/20 entries 1094/1133 dependencies 85/400 modules
<s> [webpack.Progress] 21% building 4/20 entries 1279/1400 dependencies 121/421 modules
<s> [webpack.Progress] 23% building 5/20 entries 1340/1420 dependencies 124/424 modules
<s> [webpack.Progress] 23% building 5/20 entries 1800/1912 dependencies 178/499 modules
<s> [webpack.Progress] 23% building 5/20 entries 1859/1940 dependencies 200/521 modules
<s> [webpack.Progress] 23% building 5/20 entries 1939/2200 dependencies 233/583 modules
<s> [webpack.Progress] 23% building 5/20 entries 2200/2308 dependencies 291/662 modules
<s> [webpack.Progress] 23% building 5/20 entries 2527/2700 dependencies 335/714 modules
<s> [webpack.Progress] 23% building 5/20 entries 2985/3000 dependencies 451/795 modules
<s> [webpack.Progress] 23% building 5/20 entries 3300/3409 dependencies 523/810 modules
<s> [webpack.Progress] 23% building 5/20 entries 3800/3863 dependencies 720/979 modules
<s> [webpack.Progress] 23% building 5/20 entries 4100/4188 dependencies 848/1065 modules
<s> [webpack.Progress] 23% building 5/20 entries 4756/4800 dependencies 1144/1353 modules
<s> [webpack.Progress] 26% building 6/20 entries 4983/5007 dependencies 1283/1385 modules
<s> [webpack.Progress] 29% building 7/20 entries 4983/5007 dependencies 1284/1385 modules
<s> [webpack.Progress] 32% building 8/20 entries 4983/5007 dependencies 1285/1385 modules
<s> [webpack.Progress] 34% building 9/20 entries 4983/5007 dependencies 1286/1385 modules
<s> [webpack.Progress] 37% building 10/20 entries 4983/5007 dependencies 1287/1385 modules
<s> [webpack.Progress] 40% building 11/20 entries 4983/5007 dependencies 1288/1385 modules
<s> [webpack.Progress] 42% building 12/20 entries 4983/5007 dependencies 1289/1385 modules
<s> [webpack.Progress] 45% building 13/20 entries 4983/5007 dependencies 1290/1385 modules
<s> [webpack.Progress] 48% building 14/20 entries 4983/5007 dependencies 1291/1385 modules
<s> [webpack.Progress] 51% building 15/20 entries 5262/5267 dependencies 1376/1436 modules
<s> [webpack.Progress] 54% building 16/20 entries 5262/5267 dependencies 1378/1436 modules
<s> [webpack.Progress] 54% building 16/20 entries 5291/5300 dependencies 1407/1443 modules
<s> [webpack.Progress] 56% building 17/20 entries 5305/5305 dependencies 1426/1452 modules
<s> [webpack.Progress] 59% building 18/20 entries 5311/5311 dependencies 1445/1452 modules
<s> [webpack.Progress] 62% building 19/20 entries 5311/5311 dependencies 1450/1452 modules
<s> [webpack.Progress] 65% building 20/20 entries 5312/5312 dependencies 1452/1452 modules
<s> [webpack.Progress] 65% building
<s> [webpack.Progress] 69% building finish
<s> [webpack.Progress] 69% building finish
<s> [webpack.Progress] 70% sealing finish module graph
<s> [webpack.Progress] 70% sealing finish module graph ResolverCachePlugin
<s> [webpack.Progress] 70% sealing finish module graph InferAsyncModulesPlugin
<s> [webpack.Progress] 70% sealing finish module graph FlagDependencyExportsPlugin
<s> [webpack.Progress] 70% sealing finish module graph InnerGraphPlugin
<s> [webpack.Progress] 70% sealing finish module graph WasmFinalizeExportsPlugin
<s> [webpack.Progress] 70% sealing finish module graph
<s> [webpack.Progress] 70% sealing plugins
<s> [webpack.Progress] 70% sealing plugins WarnCaseSensitiveModulesPlugin
<s> [webpack.Progress] 70% sealing plugins
<s> [webpack.Progress] 71% sealing dependencies optimization
<s> [webpack.Progress] 71% sealing dependencies optimization SideEffectsFlagPlugin
<s> [webpack.Progress] 71% sealing dependencies optimization FlagDependencyUsagePlugin
<s> [webpack.Progress] 71% sealing dependencies optimization
<s> [webpack.Progress] 71% sealing after dependencies optimization
<s> [webpack.Progress] 71% sealing after dependencies optimization
<s> [webpack.Progress] 72% sealing chunk graph
<s> [webpack.Progress] 72% sealing chunk graph
<s> [webpack.Progress] 73% sealing after chunk graph
<s> [webpack.Progress] 73% sealing after chunk graph
<s> [webpack.Progress] 73% sealing optimizing
<s> [webpack.Progress] 73% sealing optimizing
<s> [webpack.Progress] 74% sealing module optimization
<s> [webpack.Progress] 74% sealing module optimization
<s> [webpack.Progress] 75% sealing after module optimization
<s> [webpack.Progress] 75% sealing after module optimization
<s> [webpack.Progress] 75% sealing chunk optimization
<s> [webpack.Progress] 75% sealing chunk optimization EnsureChunkConditionsPlugin
<s> [webpack.Progress] 75% sealing chunk optimization RemoveEmptyChunksPlugin
<s> [webpack.Progress] 75% sealing chunk optimization MergeDuplicateChunksPlugin
<s> [webpack.Progress] 75% sealing chunk optimization SplitChunksPlugin
<s> [webpack.Progress] 75% sealing chunk optimization RemoveEmptyChunksPlugin
<s> [webpack.Progress] 75% sealing chunk optimization
<s> [webpack.Progress] 76% sealing after chunk optimization
<s> [webpack.Progress] 76% sealing after chunk optimization
<s> [webpack.Progress] 77% sealing module and chunk tree optimization
<s> [webpack.Progress] 77% sealing module and chunk tree optimization PersistentChildCompilerSingletonPlugin
<s> [webpack.Progress] 77% sealing module and chunk tree optimization
<s> [webpack.Progress] 77% sealing after module and chunk tree optimization
<s> [webpack.Progress] 77% sealing after module and chunk tree optimization
<s> [webpack.Progress] 78% sealing chunk modules optimization
<s> [webpack.Progress] 78% sealing chunk modules optimization ModuleConcatenationPlugin
<s> [webpack.Progress] 78% sealing chunk modules optimization
<s> [webpack.Progress] 78% sealing after chunk modules optimization
<s> [webpack.Progress] 78% sealing after chunk modules optimization
<s> [webpack.Progress] 79% sealing module reviving
<s> [webpack.Progress] 79% sealing module reviving RecordIdsPlugin
<s> [webpack.Progress] 79% sealing module reviving
<s> [webpack.Progress] 80% sealing before module ids
<s> [webpack.Progress] 80% sealing before module ids
<s> [webpack.Progress] 80% sealing module ids
<s> [webpack.Progress] 80% sealing module ids NamedModuleIdsPlugin
<s> [webpack.Progress] 80% sealing module ids
<s> [webpack.Progress] 81% sealing module id optimization
<s> [webpack.Progress] 81% sealing module id optimization
<s> [webpack.Progress] 82% sealing module id optimization
<s> [webpack.Progress] 82% sealing module id optimization
<s> [webpack.Progress] 82% sealing chunk reviving
<s> [webpack.Progress] 82% sealing chunk reviving RecordIdsPlugin
<s> [webpack.Progress] 82% sealing chunk reviving
<s> [webpack.Progress] 83% sealing before chunk ids
<s> [webpack.Progress] 83% sealing before chunk ids
<s> [webpack.Progress] 84% sealing chunk ids
<s> [webpack.Progress] 84% sealing chunk ids DeterministicChunkIdsPlugin
<s> [webpack.Progress] 84% sealing chunk ids
<s> [webpack.Progress] 84% sealing chunk id optimization
<s> [webpack.Progress] 84% sealing chunk id optimization FlagIncludedChunksPlugin
<s> [webpack.Progress] 84% sealing chunk id optimization
<s> [webpack.Progress] 85% sealing after chunk id optimization
<s> [webpack.Progress] 85% sealing after chunk id optimization
<s> [webpack.Progress] 86% sealing record modules
<s> [webpack.Progress] 86% sealing record modules RecordIdsPlugin
<s> [webpack.Progress] 86% sealing record modules
<s> [webpack.Progress] 86% sealing record chunks
<s> [webpack.Progress] 86% sealing record chunks RecordIdsPlugin
<s> [webpack.Progress] 86% sealing record chunks
<s> [webpack.Progress] 87% sealing module hashing
<s> [webpack.Progress] 87% sealing module hashing
<s> [webpack.Progress] 87% sealing code generation
<s> [webpack.Progress] 87% sealing code generation
<s> [webpack.Progress] 88% sealing runtime requirements
<s> [webpack.Progress] 88% sealing runtime requirements
<s> [webpack.Progress] 89% sealing hashing
<s> [webpack.Progress] 89% sealing hashing
<s> [webpack.Progress] 89% sealing after hashing
<s> [webpack.Progress] 89% sealing after hashing
<s> [webpack.Progress] 90% sealing record hash
<s> [webpack.Progress] 90% sealing record hash
<s> [webpack.Progress] 91% sealing module assets processing
<s> [webpack.Progress] 91% sealing module assets processing
<s> [webpack.Progress] 91% sealing chunk assets processing
<s> [webpack.Progress] 91% sealing chunk assets processing
<s> [webpack.Progress] 92% sealing asset processing
<s> [webpack.Progress] 92% sealing asset processing scripts-webpack-plugin
<s> [webpack.Progress] 92% sealing asset processing copy-webpack-plugin
<s> [webpack.Progress] 92% sealing asset processing PersistentChildCompilerSingletonPlugin
<s> [webpack.Progress] 92% sealing asset processing TerserPlugin
info => Manager built (50 s)
<s> [webpack.Progress] 92% sealing asset processing SourceMapDevToolPlugin
<s> [webpack.Progress] 92% sealing asset processing SourceMapDevToolPlugin
<s> [webpack.Progress] 92% sealing asset processing SourceMapDevToolPlugin main.5a09ded1.iframe.bundle.js generate SourceMap
<s> [webpack.Progress] 92% sealing asset processing SourceMapDevToolPlugin main.5a09ded1.iframe.bundle.js generated SourceMap
<s> [webpack.Progress] 92% sealing asset processing SourceMapDevToolPlugin runtime~main.53db644d.iframe.bundle.js generate SourceMap
<s> [webpack.Progress] 92% sealing asset processing SourceMapDevToolPlugin runtime~main.53db644d.iframe.bundle.js generated SourceMap
<s> [webpack.Progress] 92% sealing asset processing SourceMapDevToolPlugin 701.902712cb.iframe.bundle.js generate SourceMap
<s> [webpack.Progress] 92% sealing asset processing SourceMapDevToolPlugin 701.902712cb.iframe.bundle.js generated SourceMap
<s> [webpack.Progress] 92% sealing asset processing SourceMapDevToolPlugin 115.d4e8be54.iframe.bundle.js generate SourceMap
<s> [webpack.Progress] 92% sealing asset processing SourceMapDevToolPlugin 115.d4e8be54.iframe.bundle.js generated SourceMap
<s> [webpack.Progress] 92% sealing asset processing SourceMapDevToolPlugin 51.3b65ec55.iframe.bundle.js generate SourceMap
<s> [webpack.Progress] 92% sealing asset processing SourceMapDevToolPlugin 51.3b65ec55.iframe.bundle.js generated SourceMap
<s> [webpack.Progress] 92% sealing asset processing SourceMapDevToolPlugin 807.dce294a3.iframe.bundle.js generate SourceMap
<s> [webpack.Progress] 92% sealing asset processing SourceMapDevToolPlugin 807.dce294a3.iframe.bundle.js generated SourceMap
<s> [webpack.Progress] 92% sealing asset processing SourceMapDevToolPlugin 551.d9fad958.iframe.bundle.js generate SourceMap
<s> [webpack.Progress] 92% sealing asset processing SourceMapDevToolPlugin 551.d9fad958.iframe.bundle.js generated SourceMap
<s> [webpack.Progress] 92% sealing asset processing SourceMapDevToolPlugin 897.f7af9942.iframe.bundle.js generate SourceMap
<s> [webpack.Progress] 92% sealing asset processing SourceMapDevToolPlugin 897.f7af9942.iframe.bundle.js generated SourceMap
<s> [webpack.Progress] 92% sealing asset processing SourceMapDevToolPlugin 229.335b7957.iframe.bundle.js generate SourceMap
<s> [webpack.Progress] 92% sealing asset processing SourceMapDevToolPlugin 229.335b7957.iframe.bundle.js generated SourceMap
<s> [webpack.Progress] 92% sealing asset processing SourceMapDevToolPlugin 935.5dbdd1d0.iframe.bundle.js generate SourceMap
<s> [webpack.Progress] 92% sealing asset processing SourceMapDevToolPlugin 935.5dbdd1d0.iframe.bundle.js generated SourceMap
<s> [webpack.Progress] 92% sealing asset processing SourceMapDevToolPlugin 834.64fad354.iframe.bundle.js generate SourceMap
<s> [webpack.Progress] 92% sealing asset processing SourceMapDevToolPlugin 834.64fad354.iframe.bundle.js generated SourceMap
<s> [webpack.Progress] 92% sealing asset processing SourceMapDevToolPlugin 956.653ee3ea.iframe.bundle.js generate SourceMap
<s> [webpack.Progress] 92% sealing asset processing SourceMapDevToolPlugin 956.653ee3ea.iframe.bundle.js generated SourceMap
<s> [webpack.Progress] 92% sealing asset processing SourceMapDevToolPlugin scripts.js generate SourceMap
<s> [webpack.Progress] 92% sealing asset processing SourceMapDevToolPlugin scripts.js generated SourceMap
<s> [webpack.Progress] 92% sealing asset processing SourceMapDevToolPlugin resolve sources
<s> [webpack.Progress] 92% sealing asset processing SourceMapDevToolPlugin main.5a09ded1.iframe.bundle.js attach SourceMap
<s> [webpack.Progress] 92% sealing asset processing SourceMapDevToolPlugin main.5a09ded1.iframe.bundle.js attached SourceMap
<s> [webpack.Progress] 92% sealing asset processing SourceMapDevToolPlugin runtime~main.53db644d.iframe.bundle.js attach SourceMap
<s> [webpack.Progress] 92% sealing asset processing SourceMapDevToolPlugin runtime~main.53db644d.iframe.bundle.js attached SourceMap
<s> [webpack.Progress] 92% sealing asset processing SourceMapDevToolPlugin 701.902712cb.iframe.bundle.js attach SourceMap
<s> [webpack.Progress] 92% sealing asset processing SourceMapDevToolPlugin 701.902712cb.iframe.bundle.js attached SourceMap
<s> [webpack.Progress] 92% sealing asset processing SourceMapDevToolPlugin 115.d4e8be54.iframe.bundle.js attach SourceMap
<s> [webpack.Progress] 92% sealing asset processing SourceMapDevToolPlugin 115.d4e8be54.iframe.bundle.js attached SourceMap
<s> [webpack.Progress] 92% sealing asset processing SourceMapDevToolPlugin 51.3b65ec55.iframe.bundle.js attach SourceMap
<s> [webpack.Progress] 92% sealing asset processing SourceMapDevToolPlugin 51.3b65ec55.iframe.bundle.js attached SourceMap
<s> [webpack.Progress] 92% sealing asset processing SourceMapDevToolPlugin 807.dce294a3.iframe.bundle.js attach SourceMap
<s> [webpack.Progress] 92% sealing asset processing SourceMapDevToolPlugin 807.dce294a3.iframe.bundle.js attached SourceMap
<s> [webpack.Progress] 92% sealing asset processing SourceMapDevToolPlugin 551.d9fad958.iframe.bundle.js attach SourceMap
<s> [webpack.Progress] 92% sealing asset processing SourceMapDevToolPlugin 551.d9fad958.iframe.bundle.js attached SourceMap
<s> [webpack.Progress] 92% sealing asset processing SourceMapDevToolPlugin 897.f7af9942.iframe.bundle.js attach SourceMap
<s> [webpack.Progress] 92% sealing asset processing SourceMapDevToolPlugin 897.f7af9942.iframe.bundle.js attached SourceMap
<s> [webpack.Progress] 92% sealing asset processing SourceMapDevToolPlugin 229.335b7957.iframe.bundle.js attach SourceMap
<s> [webpack.Progress] 92% sealing asset processing SourceMapDevToolPlugin 229.335b7957.iframe.bundle.js attached SourceMap
<s> [webpack.Progress] 92% sealing asset processing SourceMapDevToolPlugin 935.5dbdd1d0.iframe.bundle.js attach SourceMap
<s> [webpack.Progress] 92% sealing asset processing SourceMapDevToolPlugin 935.5dbdd1d0.iframe.bundle.js attached SourceMap
<s> [webpack.Progress] 92% sealing asset processing SourceMapDevToolPlugin 834.64fad354.iframe.bundle.js attach SourceMap
<s> [webpack.Progress] 92% sealing asset processing SourceMapDevToolPlugin 834.64fad354.iframe.bundle.js attached SourceMap
<s> [webpack.Progress] 92% sealing asset processing SourceMapDevToolPlugin 956.653ee3ea.iframe.bundle.js attach SourceMap
<s> [webpack.Progress] 92% sealing asset processing SourceMapDevToolPlugin 956.653ee3ea.iframe.bundle.js attached SourceMap
<s> [webpack.Progress] 92% sealing asset processing SourceMapDevToolPlugin
<s> [webpack.Progress] 92% sealing asset processing SourceMapDevToolPlugin
<s> [webpack.Progress] 92% sealing asset processing SourceMapDevToolPlugin resolve sources
<s> [webpack.Progress] 92% sealing asset processing SourceMapDevToolPlugin
<s> [webpack.Progress] 92% sealing asset processing HtmlWebpackPlugin
<s> [webpack.Progress] 92% sealing asset processing HtmlWebpackPlugin
<s> [webpack.Progress] 92% sealing asset processing HtmlWebpackPlugin resolve sources
<s> [webpack.Progress] 92% sealing asset processing HtmlWebpackPlugin
<s> [webpack.Progress] 92% sealing asset processing RealContentHashPlugin
<s> [webpack.Progress] 92% sealing asset processing RealContentHashPlugin
<s> [webpack.Progress] 92% sealing asset processing RealContentHashPlugin resolve sources
<s> [webpack.Progress] 92% sealing asset processing RealContentHashPlugin
<s> [webpack.Progress] 92% sealing asset processing AnyComponentStyleBudgetChecker
<s> [webpack.Progress] 92% sealing asset processing
<s> [webpack.Progress] 93% sealing after asset optimization
<s> [webpack.Progress] 93% sealing after asset optimization
<s> [webpack.Progress] 93% sealing recording
<s> [webpack.Progress] 93% sealing recording
<s> [webpack.Progress] 94% sealing after seal
<s> [webpack.Progress] 94% sealing after seal
<s> [webpack.Progress] 95% emitting emit
<s> [webpack.Progress] 95% emitting emit fork-ts-checker-webpack-plugin
<s> [webpack.Progress] 95% emitting emit
<s> [webpack.Progress] 98% emitting after emit
<s> [webpack.Progress] 98% emitting after emit SizeLimitsPlugin
<s> [webpack.Progress] 98% emitting after emit
<s> [webpack.Progress] 99% done plugins
<s> [webpack.Progress] 99% done plugins CaseSensitivePathsPlugin
<s> [webpack.Progress] 99% done plugins fork-ts-checker-webpack-plugin
<s> [webpack.Progress] 99% done plugins fork-ts-checker-webpack-plugin
<s> [webpack.Progress] 99% done plugins
<s> [webpack.Progress] 99%

<s> [webpack.Progress] 99% cache store build dependencies
<s> [webpack.Progress] 99% cache store build dependencies
<s> [webpack.Progress] 99% cache begin idle
<s> [webpack.Progress] 99% cache begin idle
<s> [webpack.Progress] 100%

info => Preview built (1 min)
WARN System.import() is deprecated and will be removed soon. Use import() instead.
WARN For more info visit https://webpack.js.org/guides/code-splitting/
WARN System.import() is deprecated and will be removed soon. Use import() instead.
WARN For more info visit https://webpack.js.org/guides/code-splitting/
WARN export 'StoryInput' (imported as 'StoryInput') was not found in './story-input.model' (module has no exports)
WARN export 'StoryInput' (imported as 'StoryInput') was not found in './story-input.model' (module has no exports)
WARN export 'Task' (imported as 'Task') was not found in './task.model' (module has no exports)
WARN export 'Task' (imported as 'Task') was not found in './task.model' (module has no exports)
WARN asset size limit: The following asset(s) exceed the recommended size limit (244 KiB).
WARN This can impact web performance.
WARN Assets:
WARN   fa-solid-900.ttf (379 KiB)
WARN   NotoSans-Regular.eot (501 KiB)
WARN   NotoSans-Regular.woff (252 KiB)
WARN   NotoSans-Regular.ttf (501 KiB)
WARN   NotoSans-Regular.svg (1.3 MiB)
WARN   NotoSans-Italic.eot (518 KiB)
WARN   NotoSans-Italic.woff (259 KiB)
WARN   NotoSans-Italic.ttf (518 KiB)
WARN   NotoSans-Italic.svg (1.41 MiB)
WARN   NotoSans-Bold.eot (504 KiB)
WARN   NotoSans-Bold.woff (251 KiB)
WARN   NotoSans-Bold.ttf (504 KiB)
WARN   NotoSans-Bold.svg (1.31 MiB)
WARN   NotoSans-BoldItalic.eot (522 KiB)
WARN   NotoSans-BoldItalic.woff (259 KiB)
WARN   NotoSans-BoldItalic.ttf (522 KiB)
WARN   NotoSans-BoldItalic.svg (1.39 MiB)
WARN   scripts.js (462 KiB)
WARN   assets/images/aeonix_logo_151.png (3.77 MiB)
WARN   main.62ba233a.iframe.bundle.js (1.22 MiB)
WARN   115.c9d6d042.iframe.bundle.js (604 KiB)
WARN   807.02fc4b66.iframe.bundle.js (785 KiB)
WARN   956.dd10de3c.iframe.bundle.js (4.41 MiB)
WARN entrypoint size limit: The following entrypoint(s) combined asset size exceeds the recommended limit (244 KiB). This can impact web performance.
WARN Entrypoints:
WARN   main (5.64 MiB)
WARN       runtime~main.0996ae26.iframe.bundle.js
WARN       956.dd10de3c.iframe.bundle.js
WARN       main.62ba233a.iframe.bundle.js
WARN   scripts (462 KiB)
WARN       scripts.js
WARN
<s> [webpack.Progress] 99% cache shutdown
<s> [webpack.Progress] 99% cache shutdown
<s> [webpack.Progress] 100%

info => Output directory: C:\\Users\\a180136\\AppData\\Local\\Temp\\chromatic--15340-kLXkjKdQs7vO
